# Achat
-----------------  --------------
Prix net vendeur   102000
Notaire            10200 (10.00%)
Agence             0 (0.00%)
Travaux            0
Apport             0
Financement total  112200
Prix €/m²          646
-----------------  --------------

# Location
-------------------------  ---------
Loyer brut mensuel/annuel  840/10080
Loyer net mensuel/annuel   805/9657
Charges                    1100
Provisions                 101
-------------------------  ---------

# Credit
----------------  ---------------------
Capital emprunté  112200
Durée             240 mois (20 ans)
Taux interet      1.15%
Taux assurance    0.35%
Mode              mode_e.degressive_CRD
----------------  ---------------------

-------------------------  --------
Mensualite hors assurance    523.54
Mensualite assurance          32.73
Mensualite avec assurance    556.27
Cout interet               13450.7
Cout assurance              4093.69
Cout credit                17844.4
-------------------------  --------

# Location nu régime réel 2044
Année                       20     21     22     23     24     25     26     27     28     29     30     31     32     33     34     35     36     37     38     39
--------------------------  -----  -----  -----  -----  -----  -----  -----  -----  -----  -----  -----  -----  -----  -----  -----  -----  -----  -----  -----  -----
Loyer nu brut annuel        10080  10080  10080  10080  10080  10080  10080  10080  10080  10080  10080  10080  10080  10080  10080  10080  10080  10080  10080  10080
Vacance locative            423    423    423    423    423    423    423    423    423    423    423    423    423    423    423    423    423    423    423    423
Loyer nu net annuel         9657   9657   9657   9657   9657   9657   9657   9657   9657   9657   9657   9657   9657   9657   9657   9657   9657   9657   9657   9657
Total recettes              9657   9657   9657   9657   9657   9657   9657   9657   9657   9657   9657   9657   9657   9657   9657   9657   9657   9657   9657   9657

Frais administration        0      0      0      0      0      0      0      0      0      0      0      0      0      0      0      0      0      0      0      0
Autres frais gestion        40     40     40     40     40     40     40     40     40     40     40     40     40     40     40     40     40     40     40     40
Prime assurance             200    200    200    200    200    200    200    200    200    200    200    200    200    200    200    200    200    200    200    200
Travaux                     101    101    101    101    101    101    101    101    101    101    101    101    101    101    101    101    101    101    101    101
Taxe fonciere               900    900    900    900    900    900    900    900    900    900    900    900    900    900    900    900    900    900    900    900
Copropriete provision       0      0      0      0      0      0      0      0      0      0      0      0      0      0      0      0      0      0      0      0
Copropriete regularisation  0      0      0      0      0      0      0      0      0      0      0      0      0      0      0      0      0      0      0      0
Total frais et charges      1241   1241   1241   1241   1241   1241   1241   1241   1241   1241   1241   1241   1241   1241   1241   1241   1241   1241   1241   1241

Interet emprunt             1264   1206   1147   1088   1028   967    906    843    781    717    653    587    522    455    388    320    251    181    110    39
Assurance emprunteur        385    367    349    331    313    294    276    257    238    218    199    179    159    138    118    97     76     55     34     12
Frais de dossier            300    0      0      0      0      0      0      0      0      0      0      0      0      0      0      0      0      0      0      0
Frais de garantie           0      0      0      0      0      0      0      0      0      0      0      0      0      0      0      0      0      0      0      0
Total charge emprunt        1949   1573   1496   1419   1341   1261   1181   1100   1018   935    851    766    680    594    506    417    327    236    144    51

Total charges (%)           33.0   29.1   28.3   27.5   26.7   25.9   25.1   24.2   23.4   22.5   21.7   20.8   19.9   19.0   18.1   17.2   16.2   15.3   14.3   13.4
Revenu foncier taxable      6467   6843   6920   6997   7075   7155   7235   7316   7398   7481   7565   7650   7735   7822   7910   7999   8089   8180   8272   8365
Prelevement sociaux         1112   1177   1190   1203   1217   1231   1244   1258   1272   1287   1301   1316   1330   1345   1361   1376   1391   1407   1423   1439
Impot revenu foncier        1824   1930   1951   1973   1995   2018   2040   2063   2086   2110   2133   2157   2181   2206   2231   2256   2281   2307   2333   2359

# Micro Foncier
Année                   20     21     22     23     24     25     26     27     28     29     30     31     32     33     34     35     36     37     38     39
----------------------  -----  -----  -----  -----  -----  -----  -----  -----  -----  -----  -----  -----  -----  -----  -----  -----  -----  -----  -----  -----
Loyer nu brut annuel    10080  10080  10080  10080  10080  10080  10080  10080  10080  10080  10080  10080  10080  10080  10080  10080  10080  10080  10080  10080
Vacance locative        423    423    423    423    423    423    423    423    423    423    423    423    423    423    423    423    423    423    423    423
Total recettes          9657   9657   9657   9657   9657   9657   9657   9657   9657   9657   9657   9657   9657   9657   9657   9657   9657   9657   9657   9657

Revenu foncier taxable  6760   6760   6760   6760   6760   6760   6760   6760   6760   6760   6760   6760   6760   6760   6760   6760   6760   6760   6760   6760
Prelevement sociaux     1163   1163   1163   1163   1163   1163   1163   1163   1163   1163   1163   1163   1163   1163   1163   1163   1163   1163   1163   1163
Impot revenu foncier    1906   1906   1906   1906   1906   1906   1906   1906   1906   1906   1906   1906   1906   1906   1906   1906   1906   1906   1906   1906

# IRPP
Année                     20     21     22     23     24     25     26     27     28     29     30     31     32     33     34     35     36     37     38     39
------------------------  -----  -----  -----  -----  -----  -----  -----  -----  -----  -----  -----  -----  -----  -----  -----  -----  -----  -----  -----  -----
Salaires                  54600  54600  54600  54600  54600  54600  54600  54600  54600  54600  54600  54600  54600  54600  54600  54600  54600  54600  54600  54600
Revenu foncier            6467   6843   6920   6997   7075   7155   7235   7316   7398   7481   7565   7650   7735   7822   7910   7999   8089   8180   8272   8365
Revenu fiscale reference  55607  55983  56060  56137  56215  56295  56375  56456  56538  56621  56705  56790  56875  56962  57050  57139  57229  57320  57412  57505

Quotient familial         22243  22393  22424  22455  22486  22518  22550  22582  22615  22648  22682  22716  22750  22785  22820  22856  22892  22928  22965  23002
Impot brut                3343   3385   3393   3402   3410   3419   3428   3437   3446   3455   3464   3473   3483   3492   3502   3512   3522   3532   3542   3552
Impot net                 4361   4467   4489   4511   4533   4555   4578   4601   4624   4647   4671   4695   4719   4744   4768   4793   4819   4844   4870   4897

Impot salaires net        2538   2538   2538   2538   2538   2538   2538   2538   2538   2538   2538   2538   2538   2538   2538   2538   2538   2538   2538   2538
Impot foncier 2044        1824   1930   1951   1973   1995   2018   2040   2063   2086   2110   2133   2157   2181   2206   2231   2256   2281   2307   2333   2359
Impot micro foncier       1906   1906   1906   1906   1906   1906   1906   1906   1906   1906   1906   1906   1906   1906   1906   1906   1906   1906   1906   1906

# Rendement
------------------------  -------
Rendement Brut (%)           8.98
Rendement Net (%)            7.54
Rendement Larcher (%)        6.74
Différentiel Mensuel (€)   148.38
Différentiel Annuel (€)   1780.61
------------------------  -------

